
=== Wed Apr 29 18:56:54 2020

Packages were changed.
Update Mode: updateDependencies

The following packages were added:
  com.unity.2d.sprite@1.0.0
  com.unity.2d.tilemap@1.0.0
  com.unity.ide.rider@2.0.1
  com.unity.ide.visualstudio@2.0.0
  com.unity.ide.vscode@1.2.0
  com.unity.modules.androidjni@1.0.0
  com.unity.test-framework@1.1.13
  com.unity.ugui@1.0.0
The following packages were updated:
  com.unity.analytics from version 3.3.2 to 3.3.5
  com.unity.collab-proxy from version 1.2.16 to 1.3.7
  com.unity.textmeshpro from version 2.0.1 to 3.0.0-preview.1
  com.unity.timeline from version 1.0.0 to 1.2.6
  com.unity.xr.arfoundation from version 2.2.0-preview.3 to 3.0.1
  com.unity.xr.arkit from version 2.2.0-preview.4 to 3.0.1
  com.unity.xr.arkit-face-tracking from version 1.1.0-preview.4 to 3.0.1
The following packages were removed:
  com.unity.package-manager-ui@2.1.2

=== Fri Jan  8 19:00:10 2021

Packages were changed.
Update Mode: updateDependencies

The following packages were updated:
  com.unity.analytics from version 3.3.5 to 3.5.3
  com.unity.collab-proxy from version 1.3.7 to 1.3.9
  com.unity.ide.rider from version 2.0.1 to 2.0.7
  com.unity.ide.visualstudio from version 2.0.1 to 2.0.5
  com.unity.ide.vscode from version 1.2.0 to 1.2.3
  com.unity.test-framework from version 1.1.13 to 1.1.19
  com.unity.textmeshpro from version 3.0.0-preview.1 to 3.0.1
  com.unity.xr.arfoundation from version 4.0.0-preview.1 to 4.0.9
  com.unity.xr.arkit from version 4.0.0-preview.1 to 4.0.9
  com.unity.xr.arkit-face-tracking from version 4.0.0-preview.1 to 4.0.9
  com.unity.xr.legacyinputhelpers from version 2.0.6 to 2.1.6
